<?xml version="1.0" encoding="UTF-8"?>
<testng-results ignored="0" total="1" passed="1" failed="0" skipped="0">
  <reporter-output>
  </reporter-output>
  <suite started-at="2026-08-17T11:37:53 IST" name="Default suite" finished-at="2026-08-17T11:38:33 IST" duration-ms="40120">
    <groups>
    </groups>
    <test started-at="2026-08-17T11:37:53 IST" name="Default test" finished-at="2026-08-17T11:38:33 IST" duration-ms="40120">
      <class name="crm.campaign.CreateCampaignTest">
        <test-method is-config="true" signature="repConfig()[pri:0, instance:crm.campaign.CreateCampaignTest@24269709]" started-at="2026-08-17T11:37:52 IST" name="repConfig" finished-at="2026-08-17T11:37:53 IST" duration-ms="288" status="PASS">
          <reporter-output>
          </reporter-output>
        </test-method> <!-- repConfig -->
        <test-method is-config="true" signature="setUp()[pri:0, instance:crm.campaign.CreateCampaignTest@24269709]" started-at="2026-08-17T11:37:53 IST" name="setUp" finished-at="2026-08-17T11:38:10 IST" duration-ms="17299" status="PASS">
          <reporter-output>
          </reporter-output>
        </test-method> <!-- setUp -->
        <test-method is-config="true" signature="login()[pri:0, instance:crm.campaign.CreateCampaignTest@24269709]" started-at="2026-08-17T11:38:10 IST" name="login" finished-at="2026-08-17T11:38:16 IST" duration-ms="5639" status="PASS">
          <reporter-output>
          </reporter-output>
        </test-method> <!-- login -->
        <test-method signature="createCampaign()[pri:0, instance:crm.campaign.CreateCampaignTest@24269709]" started-at="2026-08-17T11:38:16 IST" name="createCampaign" finished-at="2026-08-17T11:38:30 IST" duration-ms="14541" status="PASS">
          <reporter-output>
          </reporter-output>
        </test-method> <!-- createCampaign -->
        <test-method is-config="true" signature="logout()[pri:0, instance:crm.campaign.CreateCampaignTest@24269709]" started-at="2026-08-17T11:38:30 IST" name="logout" finished-at="2026-08-17T11:38:32 IST" duration-ms="1920" status="PASS">
          <reporter-output>
          </reporter-output>
        </test-method> <!-- logout -->
        <test-method is-config="true" signature="tearDown()[pri:0, instance:crm.campaign.CreateCampaignTest@24269709]" started-at="2026-08-17T11:38:32 IST" name="tearDown" finished-at="2026-08-17T11:38:33 IST" duration-ms="540" status="PASS">
          <reporter-output>
          </reporter-output>
        </test-method> <!-- tearDown -->
        <test-method is-config="true" signature="repBackUp()[pri:0, instance:crm.campaign.CreateCampaignTest@24269709]" started-at="2026-08-17T11:38:33 IST" name="repBackUp" finished-at="2026-08-17T11:38:34 IST" duration-ms="683" status="PASS">
          <reporter-output>
          </reporter-output>
        </test-method> <!-- repBackUp -->
      </class> <!-- crm.campaign.CreateCampaignTest -->
    </test> <!-- Default test -->
  </suite> <!-- Default suite -->
</testng-results>
