<?xml version="1.0" encoding="UTF-8"?>
<!-- Generated by org.testng.reporters.JUnitReportReporter -->
<testsuite hostname="DESKTOP-69RE7KL" failures="0" tests="2" name="crm.learningmultipleexecution.OrgTest" time="21.042" errors="0" timestamp="2026-07-30T15:43:05 IST" skipped="0">
  <testcase classname="crm.learningmultipleexecution.OrgTest" name="modifyOrgTest" time="6.511"/>
  <testcase classname="crm.learningmultipleexecution.OrgTest" name="createOrgTest" time="14.531"/>
</testsuite> <!-- crm.learningmultipleexecution.OrgTest -->
