<?xml version="1.0" encoding="UTF-8"?>
<!-- Generated by org.testng.reporters.JUnitReportReporter -->
<testsuite hostname="DESKTOP-69RE7KL" failures="0" tests="3" name="crm.learningmultipleexecution.ContactTest" time="14.769" errors="0" timestamp="2026-07-30T15:43:05 IST" skipped="0">
  <testcase classname="crm.learningmultipleexecution.ContactTest" name="modifyContactTest" time="4.699"/>
  <testcase classname="crm.learningmultipleexecution.ContactTest" name="createContactTest" time="5.301"/>
  <testcase classname="crm.learningmultipleexecution.ContactTest" name="deleteContactTest" time="4.769"/>
</testsuite> <!-- crm.learningmultipleexecution.ContactTest -->
