<?xml version="1.0" encoding="UTF-8"?>
<!-- Generated by org.testng.reporters.JUnitReportReporter -->
<testsuite hostname="DESKTOP-69RE7KL" failures="0" tests="3" name="crm.learningmultipleexecution.LeadsTest" time="14.172" errors="0" timestamp="2026-07-30T15:43:05 IST" skipped="0">
  <testcase classname="crm.learningmultipleexecution.LeadsTest" name="modifyLeadsTest" time="5.031"/>
  <testcase classname="crm.learningmultipleexecution.LeadsTest" name="createLeadsTest" time="4.645"/>
  <testcase classname="crm.learningmultipleexecution.LeadsTest" name="deleteLeadsTest" time="4.496"/>
</testsuite> <!-- crm.learningmultipleexecution.LeadsTest -->
