<?xml version="1.0" encoding="UTF-8"?>
<!-- Generated by org.testng.reporters.JUnitXMLReporter -->
<testsuite ignored="1" hostname="DESKTOP-69RE7KL" failures="0" tests="8" name="thread1" time="50.211" errors="0" timestamp="2026-07-30T15:43:05 IST">
  <testcase classname="crm.learningmultipleexecution.OrgTest" name="createOrgTest" time="14.531"/>
  <testcase classname="crm.learningmultipleexecution.OrgTest" name="modifyOrgTest" time="6.511"/>
  <testcase classname="crm.learningmultipleexecution.ContactTest" name="createContactTest" time="5.301"/>
  <testcase classname="crm.learningmultipleexecution.ContactTest" name="deleteContactTest" time="4.769"/>
  <testcase classname="crm.learningmultipleexecution.ContactTest" name="modifyContactTest" time="4.699"/>
  <testcase classname="crm.learningmultipleexecution.LeadsTest" name="createLeadsTest" time="4.645"/>
  <testcase classname="crm.learningmultipleexecution.LeadsTest" name="deleteLeadsTest" time="4.496"/>
  <testcase classname="crm.learningmultipleexecution.LeadsTest" name="modifyLeadsTest" time="5.031"/>
  <testcase classname="crm.learningmultipleexecution.OrgTest" name="deleteOrgTest" time="0.0">
    <ignored/>
  </testcase> <!-- deleteOrgTest -->
</testsuite> <!-- thread1 -->
