<?xml version="1.0" encoding="UTF-8"?>
<!-- Generated by org.testng.reporters.JUnitXMLReporter -->
<testsuite ignored="0" hostname="DESKTOP-69RE7KL" failures="0" tests="3" name="test" time="20.243" errors="0" timestamp="2026-08-01T12:29:30 IST">
  <testcase classname="typesOfExecution.OrgTest" name="case1" time="10.642"/>
  <testcase classname="typesOfExecution.ContactTest" name="case2" time="3.765"/>
  <testcase classname="typesOfExecution.LeadTest" name="LeadsTest" time="5.581"/>
</testsuite> <!-- test -->
